WARNING: replacing module SmpsWriter
WARNING: Method definition midpoints(Base.Range{T} where T) in module Base at deprecated.jl:56 overwritten in module StatsBase at /homes/choy/.julia/v0.6/StatsBase/src/hist.jl:535.
WARNING: Method definition midpoints(AbstractArray{T, 1} where T) in module Base at deprecated.jl:56 overwritten in module StatsBase at /homes/choy/.julia/v0.6/StatsBase/src/hist.jl:533.
Reading all data from StructJuMP model
  0.119891 seconds (24.81 k allocations: 1.283 MiB)
   First stage: vars (12), cons (6)
  Second stage: vars (27), cons (15)
  Number of scenarios: 500
Reading all data from StructJuMP model
  0.000014 seconds (36 allocations: 3.094 KiB)
   First stage: vars (12), cons (6)
  Second stage: vars (27), cons (15)
  Number of scenarios: 1000
Reading all data from StructJuMP model
  0.000014 seconds (36 allocations: 3.094 KiB)
   First stage: vars (12), cons (6)
  Second stage: vars (27), cons (15)
  Number of scenarios: 5000
Reading all data from StructJuMP model
  0.000013 seconds (36 allocations: 3.094 KiB)
   First stage: vars (12), cons (6)
  Second stage: vars (27), cons (15)
  Number of scenarios: 10000
Reading all data from StructJuMP model
  0.000017 seconds (36 allocations: 3.094 KiB)
   First stage: vars (12), cons (6)
  Second stage: vars (36), cons (18)
  Number of scenarios: 500
Reading all data from StructJuMP model
  0.000015 seconds (36 allocations: 3.094 KiB)
   First stage: vars (12), cons (6)
  Second stage: vars (36), cons (18)
  Number of scenarios: 1000
Reading all data from StructJuMP model
  0.000014 seconds (36 allocations: 3.094 KiB)
   First stage: vars (12), cons (6)
  Second stage: vars (36), cons (18)
  Number of scenarios: 5000
Reading all data from StructJuMP model
  0.000015 seconds (36 allocations: 3.094 KiB)
   First stage: vars (12), cons (6)
  Second stage: vars (36), cons (18)
  Number of scenarios: 10000
Reading all data from StructJuMP model
  0.000017 seconds (36 allocations: 3.094 KiB)
   First stage: vars (12), cons (6)
  Second stage: vars (24), cons (12)
  Number of scenarios: 500
Reading all data from StructJuMP model
  0.000019 seconds (36 allocations: 3.094 KiB)
   First stage: vars (12), cons (6)
  Second stage: vars (24), cons (12)
  Number of scenarios: 1000
Reading all data from StructJuMP model
  0.000014 seconds (36 allocations: 3.094 KiB)
   First stage: vars (12), cons (6)
  Second stage: vars (24), cons (12)
  Number of scenarios: 5000
Reading all data from StructJuMP model
  0.000016 seconds (36 allocations: 3.094 KiB)
   First stage: vars (12), cons (6)
  Second stage: vars (24), cons (12)
  Number of scenarios: 10000
Reading all data from StructJuMP model
  0.000014 seconds (36 allocations: 3.094 KiB)
   First stage: vars (12), cons (6)
  Second stage: vars (32), cons (14)
  Number of scenarios: 500
Reading all data from StructJuMP model
  0.000014 seconds (36 allocations: 3.094 KiB)
   First stage: vars (12), cons (6)
  Second stage: vars (32), cons (14)
  Number of scenarios: 1000
Reading all data from StructJuMP model
  0.000014 seconds (36 allocations: 3.094 KiB)
   First stage: vars (12), cons (6)
  Second stage: vars (32), cons (14)
  Number of scenarios: 5000
Reading all data from StructJuMP model
  0.000014 seconds (36 allocations: 3.094 KiB)
   First stage: vars (12), cons (6)
  Second stage: vars (32), cons (14)
  Number of scenarios: 10000
Reading all data from StructJuMP model
  0.005937 seconds (4.96 k allocations: 13.042 MiB)
   First stage: vars (4900), cons (2550)
  Second stage: vars (7350), cons (2450)
  Number of scenarios: 100
Reading all data from StructJuMP model
  0.005344 seconds (4.96 k allocations: 13.042 MiB)
   First stage: vars (4900), cons (2550)
  Second stage: vars (7350), cons (2450)
  Number of scenarios: 500
Reading all data from StructJuMP model
  0.005621 seconds (4.96 k allocations: 13.042 MiB)
   First stage: vars (4900), cons (2550)
  Second stage: vars (7350), cons (2450)
  Number of scenarios: 1000
Reading all data from StructJuMP model
  0.005524 seconds (4.96 k allocations: 13.042 MiB)
   First stage: vars (4900), cons (2550)
  Second stage: vars (7350), cons (2450)
  Number of scenarios: 100
Reading all data from StructJuMP model
  0.005765 seconds (4.96 k allocations: 13.042 MiB)
   First stage: vars (4900), cons (2550)
  Second stage: vars (7350), cons (2450)
  Number of scenarios: 500
Reading all data from StructJuMP model
  0.006783 seconds (4.96 k allocations: 13.042 MiB)
   First stage: vars (4900), cons (2550)
  Second stage: vars (7350), cons (2450)
  Number of scenarios: 1000
Reading all data from StructJuMP model
  0.006110 seconds (4.96 k allocations: 13.042 MiB)
   First stage: vars (4900), cons (2550)
  Second stage: vars (7350), cons (2450)
  Number of scenarios: 100
Reading all data from StructJuMP model
  0.005964 seconds (4.96 k allocations: 13.042 MiB)
   First stage: vars (4900), cons (2550)
  Second stage: vars (7350), cons (2450)
  Number of scenarios: 500
Reading all data from StructJuMP model
  0.006367 seconds (4.96 k allocations: 13.042 MiB)
   First stage: vars (4900), cons (2550)
  Second stage: vars (7350), cons (2450)
  Number of scenarios: 1000
Reading all data from StructJuMP model
  0.006250 seconds (4.96 k allocations: 13.042 MiB)
   First stage: vars (4900), cons (2550)
  Second stage: vars (7350), cons (2450)
  Number of scenarios: 100
Reading all data from StructJuMP model
  0.005718 seconds (4.96 k allocations: 13.042 MiB)
   First stage: vars (4900), cons (2550)
  Second stage: vars (7350), cons (2450)
  Number of scenarios: 500
Reading all data from StructJuMP model
  0.004925 seconds (4.96 k allocations: 13.042 MiB)
   First stage: vars (4900), cons (2550)
  Second stage: vars (7350), cons (2450)
  Number of scenarios: 1000
Reading all data from StructJuMP model
  0.118171 seconds (19.86 k allocations: 193.574 MiB, 57.98% gc time)
   First stage: vars (19800), cons (10100)
  Second stage: vars (29700), cons (9900)
  Number of scenarios: 100
Reading all data from StructJuMP model
  0.124296 seconds (19.86 k allocations: 193.574 MiB, 63.49% gc time)
   First stage: vars (19800), cons (10100)
  Second stage: vars (29700), cons (9900)
  Number of scenarios: 500
Reading all data from StructJuMP model
  0.168318 seconds (19.86 k allocations: 193.574 MiB, 73.12% gc time)
   First stage: vars (19800), cons (10100)
  Second stage: vars (29700), cons (9900)
  Number of scenarios: 1000
Reading all data from StructJuMP model
  3.147838 seconds (19.86 k allocations: 193.574 MiB, 97.66% gc time)
   First stage: vars (19800), cons (10100)
  Second stage: vars (29700), cons (9900)
  Number of scenarios: 100
Reading all data from StructJuMP model
  0.132140 seconds (19.86 k allocations: 193.574 MiB, 62.80% gc time)
   First stage: vars (19800), cons (10100)
  Second stage: vars (29700), cons (9900)
  Number of scenarios: 500
Reading all data from StructJuMP model
  0.195453 seconds (19.86 k allocations: 193.574 MiB, 69.26% gc time)
   First stage: vars (19800), cons (10100)
  Second stage: vars (29700), cons (9900)
  Number of scenarios: 1000
Reading all data from StructJuMP model
  3.599888 seconds (19.86 k allocations: 193.574 MiB, 97.96% gc time)
   First stage: vars (19800), cons (10100)
  Second stage: vars (29700), cons (9900)
  Number of scenarios: 100
Reading all data from StructJuMP model
  0.137938 seconds (19.86 k allocations: 193.574 MiB, 61.50% gc time)
   First stage: vars (19800), cons (10100)
  Second stage: vars (29700), cons (9900)
  Number of scenarios: 500
Reading all data from StructJuMP model
  0.155372 seconds (19.86 k allocations: 193.574 MiB, 71.35% gc time)
   First stage: vars (19800), cons (10100)
  Second stage: vars (29700), cons (9900)
  Number of scenarios: 1000
Reading all data from StructJuMP model
  3.336376 seconds (19.86 k allocations: 193.574 MiB, 97.67% gc time)
   First stage: vars (19800), cons (10100)
  Second stage: vars (29700), cons (9900)
  Number of scenarios: 100
Reading all data from StructJuMP model
  0.148083 seconds (19.86 k allocations: 193.574 MiB, 65.94% gc time)
   First stage: vars (19800), cons (10100)
  Second stage: vars (29700), cons (9900)
  Number of scenarios: 500
Reading all data from StructJuMP model
  0.211363 seconds (19.86 k allocations: 193.574 MiB, 69.99% gc time)
   First stage: vars (19800), cons (10100)
  Second stage: vars (29700), cons (9900)
  Number of scenarios: 1000
Reading all data from StructJuMP model
  0.000029 seconds (68 allocations: 9.453 KiB)
   First stage: vars (40), cons (22)
  Second stage: vars (110), cons (40)
  Number of scenarios: 100
Reading all data from StructJuMP model
  0.000026 seconds (68 allocations: 9.453 KiB)
   First stage: vars (40), cons (22)
  Second stage: vars (110), cons (40)
  Number of scenarios: 500
Reading all data from StructJuMP model
  0.000028 seconds (68 allocations: 9.453 KiB)
   First stage: vars (40), cons (22)
  Second stage: vars (110), cons (40)
  Number of scenarios: 1000
Reading all data from StructJuMP model
  0.000032 seconds (68 allocations: 9.453 KiB)
   First stage: vars (40), cons (22)
  Second stage: vars (110), cons (40)
  Number of scenarios: 2000
Reading all data from StructJuMP model
  0.000034 seconds (68 allocations: 9.453 KiB)
   First stage: vars (40), cons (22)
  Second stage: vars (110), cons (40)
  Number of scenarios: 4000
Reading all data from StructJuMP model
  0.000525 seconds (275 allocations: 701.078 KiB)
   First stage: vars (240), cons (50)
  Second stage: vars (120), cons (5)
  Number of scenarios: 20
Reading all data from StructJuMP model
  0.000538 seconds (275 allocations: 701.078 KiB)
   First stage: vars (240), cons (50)
  Second stage: vars (120), cons (5)
  Number of scenarios: 100
Reading all data from StructJuMP model
  0.000585 seconds (275 allocations: 701.078 KiB)
   First stage: vars (240), cons (50)
  Second stage: vars (120), cons (5)
  Number of scenarios: 200
Reading all data from StructJuMP model
  0.000509 seconds (275 allocations: 701.078 KiB)
   First stage: vars (240), cons (50)
  Second stage: vars (120), cons (5)
  Number of scenarios: 400
Reading all data from StructJuMP model
  0.000526 seconds (275 allocations: 701.078 KiB)
   First stage: vars (240), cons (50)
  Second stage: vars (120), cons (5)
  Number of scenarios: 800
Reading all data from StructJuMP model
  0.000013 seconds (27 allocations: 2.094 KiB)
   First stage: vars (5), cons (1)
  Second stage: vars (130), cons (30)
  Number of scenarios: 100
Reading all data from StructJuMP model
  0.000014 seconds (27 allocations: 2.094 KiB)
   First stage: vars (5), cons (1)
  Second stage: vars (130), cons (30)
  Number of scenarios: 500
Reading all data from StructJuMP model
  0.000014 seconds (27 allocations: 2.094 KiB)
   First stage: vars (5), cons (1)
  Second stage: vars (130), cons (30)
  Number of scenarios: 1000
Reading all data from StructJuMP model
  0.000013 seconds (27 allocations: 2.094 KiB)
   First stage: vars (5), cons (1)
  Second stage: vars (130), cons (30)
  Number of scenarios: 2000
Reading all data from StructJuMP model
  0.000013 seconds (27 allocations: 2.094 KiB)
   First stage: vars (5), cons (1)
  Second stage: vars (130), cons (30)
  Number of scenarios: 4000
Reading all data from StructJuMP model
  0.000014 seconds (27 allocations: 2.094 KiB)
   First stage: vars (5), cons (1)
  Second stage: vars (130), cons (30)
  Number of scenarios: 8000
Reading all data from StructJuMP model
  0.000012 seconds (27 allocations: 2.094 KiB)
   First stage: vars (5), cons (1)
  Second stage: vars (255), cons (55)
  Number of scenarios: 100
Reading all data from StructJuMP model
  0.000013 seconds (27 allocations: 2.094 KiB)
   First stage: vars (5), cons (1)
  Second stage: vars (255), cons (55)
  Number of scenarios: 500
Reading all data from StructJuMP model
  0.000013 seconds (27 allocations: 2.094 KiB)
   First stage: vars (5), cons (1)
  Second stage: vars (255), cons (55)
  Number of scenarios: 1000
Reading all data from StructJuMP model
  0.000016 seconds (27 allocations: 2.094 KiB)
   First stage: vars (5), cons (1)
  Second stage: vars (255), cons (55)
  Number of scenarios: 2000
Reading all data from StructJuMP model
  0.000012 seconds (27 allocations: 2.094 KiB)
   First stage: vars (5), cons (1)
  Second stage: vars (255), cons (55)
  Number of scenarios: 4000
Reading all data from StructJuMP model
  0.000013 seconds (27 allocations: 2.094 KiB)
   First stage: vars (5), cons (1)
  Second stage: vars (255), cons (55)
  Number of scenarios: 8000
Reading all data from StructJuMP model
  0.000015 seconds (32 allocations: 2.609 KiB)
   First stage: vars (10), cons (1)
  Second stage: vars (510), cons (60)
  Number of scenarios: 100
Reading all data from StructJuMP model
  0.000014 seconds (32 allocations: 2.609 KiB)
   First stage: vars (10), cons (1)
  Second stage: vars (510), cons (60)
  Number of scenarios: 500
Reading all data from StructJuMP model
  0.000017 seconds (32 allocations: 2.609 KiB)
   First stage: vars (10), cons (1)
  Second stage: vars (510), cons (60)
  Number of scenarios: 1000
Reading all data from StructJuMP model
  0.000014 seconds (32 allocations: 2.609 KiB)
   First stage: vars (10), cons (1)
  Second stage: vars (510), cons (60)
  Number of scenarios: 2000
Reading all data from StructJuMP model
  0.000019 seconds (32 allocations: 2.609 KiB)
   First stage: vars (10), cons (1)
  Second stage: vars (510), cons (60)
  Number of scenarios: 4000
Reading all data from StructJuMP model
  0.000017 seconds (32 allocations: 2.609 KiB)
   First stage: vars (10), cons (1)
  Second stage: vars (510), cons (60)
  Number of scenarios: 8000
Reading all data from StructJuMP model
  0.000015 seconds (37 allocations: 3.188 KiB)
   First stage: vars (15), cons (1)
  Second stage: vars (690), cons (60)
  Number of scenarios: 100
Reading all data from StructJuMP model
  0.000015 seconds (37 allocations: 3.188 KiB)
   First stage: vars (15), cons (1)
  Second stage: vars (690), cons (60)
  Number of scenarios: 500
Reading all data from StructJuMP model
  0.000015 seconds (37 allocations: 3.188 KiB)
   First stage: vars (15), cons (1)
  Second stage: vars (690), cons (60)
  Number of scenarios: 1000
Reading all data from StructJuMP model
  0.000015 seconds (37 allocations: 3.188 KiB)
   First stage: vars (15), cons (1)
  Second stage: vars (690), cons (60)
  Number of scenarios: 2000
Reading all data from StructJuMP model
  0.000021 seconds (37 allocations: 3.188 KiB)
   First stage: vars (15), cons (1)
  Second stage: vars (690), cons (60)
  Number of scenarios: 4000
Reading all data from StructJuMP model
  0.000017 seconds (37 allocations: 3.188 KiB)
   First stage: vars (15), cons (1)
  Second stage: vars (690), cons (60)
  Number of scenarios: 8000
Reading all data from StructJuMP model
  0.001833 seconds (2.01 k allocations: 2.979 MiB)
   First stage: vars (1960), cons (2208)
  Second stage: vars (23524), cons (32820)
  Number of scenarios: 10
Reading all data from StructJuMP model
  0.001734 seconds (2.01 k allocations: 2.979 MiB)
   First stage: vars (1960), cons (2208)
  Second stage: vars (23524), cons (32820)
  Number of scenarios: 50
Reading all data from StructJuMP model
  0.001811 seconds (2.01 k allocations: 2.979 MiB)
   First stage: vars (1960), cons (2208)
  Second stage: vars (23524), cons (32820)
  Number of scenarios: 100
Reading all data from StructJuMP model
  0.001890 seconds (2.01 k allocations: 2.979 MiB)
   First stage: vars (1960), cons (2208)
  Second stage: vars (23524), cons (32820)
  Number of scenarios: 10
Reading all data from StructJuMP model
  0.001745 seconds (2.01 k allocations: 2.979 MiB)
   First stage: vars (1960), cons (2208)
  Second stage: vars (23524), cons (32820)
  Number of scenarios: 50
Reading all data from StructJuMP model
  0.001737 seconds (2.01 k allocations: 2.979 MiB)
   First stage: vars (1960), cons (2208)
  Second stage: vars (23524), cons (32820)
  Number of scenarios: 100
Reading all data from StructJuMP model
  0.001763 seconds (2.01 k allocations: 2.979 MiB)
   First stage: vars (1960), cons (2208)
  Second stage: vars (23524), cons (32820)
  Number of scenarios: 10
Reading all data from StructJuMP model
  0.001880 seconds (2.01 k allocations: 2.979 MiB)
   First stage: vars (1960), cons (2208)
  Second stage: vars (23524), cons (32820)
  Number of scenarios: 50
Reading all data from StructJuMP model
  0.001837 seconds (2.01 k allocations: 2.979 MiB)
   First stage: vars (1960), cons (2208)
  Second stage: vars (23524), cons (32820)
  Number of scenarios: 100
Reading all data from StructJuMP model
  0.027870 seconds (2.01 k allocations: 2.979 MiB, 93.12% gc time)
   First stage: vars (1960), cons (2208)
  Second stage: vars (23524), cons (32820)
  Number of scenarios: 10
Reading all data from StructJuMP model
  0.001747 seconds (2.01 k allocations: 2.979 MiB)
   First stage: vars (1960), cons (2208)
  Second stage: vars (23524), cons (32820)
  Number of scenarios: 50
Reading all data from StructJuMP model
  0.001816 seconds (2.01 k allocations: 2.979 MiB)
   First stage: vars (1960), cons (2208)
  Second stage: vars (23524), cons (32820)
  Number of scenarios: 100
Reading all data from StructJuMP model
  0.001791 seconds (2.01 k allocations: 2.979 MiB)
   First stage: vars (1960), cons (2208)
  Second stage: vars (23524), cons (32820)
  Number of scenarios: 10
Reading all data from StructJuMP model
  0.001744 seconds (2.01 k allocations: 2.979 MiB)
   First stage: vars (1960), cons (2208)
  Second stage: vars (23524), cons (32820)
  Number of scenarios: 50
Reading all data from StructJuMP model
  0.001845 seconds (2.01 k allocations: 2.979 MiB)
   First stage: vars (1960), cons (2208)
  Second stage: vars (23524), cons (32820)
  Number of scenarios: 100
Reading all data from StructJuMP model
  0.001760 seconds (2.01 k allocations: 2.979 MiB)
   First stage: vars (1960), cons (2208)
  Second stage: vars (23524), cons (32820)
  Number of scenarios: 10
Reading all data from StructJuMP model
  0.001750 seconds (2.01 k allocations: 2.979 MiB)
   First stage: vars (1960), cons (2208)
  Second stage: vars (23524), cons (32820)
  Number of scenarios: 50
Reading all data from StructJuMP model
  0.001939 seconds (2.01 k allocations: 2.979 MiB)
   First stage: vars (1960), cons (2208)
  Second stage: vars (23524), cons (32820)
  Number of scenarios: 100
Reading all data from StructJuMP model
  0.029321 seconds (2.01 k allocations: 2.979 MiB, 93.91% gc time)
   First stage: vars (1960), cons (2208)
  Second stage: vars (23524), cons (32820)
  Number of scenarios: 10
Reading all data from StructJuMP model
  0.001840 seconds (2.01 k allocations: 2.979 MiB)
   First stage: vars (1960), cons (2208)
  Second stage: vars (23524), cons (32820)
  Number of scenarios: 50
Reading all data from StructJuMP model
  0.001793 seconds (2.01 k allocations: 2.979 MiB)
   First stage: vars (1960), cons (2208)
  Second stage: vars (23524), cons (32820)
  Number of scenarios: 100
Reading all data from StructJuMP model
  0.002019 seconds (2.01 k allocations: 2.979 MiB)
   First stage: vars (1960), cons (2208)
  Second stage: vars (23524), cons (32820)
  Number of scenarios: 10
Reading all data from StructJuMP model
  0.001776 seconds (2.01 k allocations: 2.979 MiB)
   First stage: vars (1960), cons (2208)
  Second stage: vars (23524), cons (32820)
  Number of scenarios: 50
Reading all data from StructJuMP model
  0.001955 seconds (2.01 k allocations: 2.979 MiB)
   First stage: vars (1960), cons (2208)
  Second stage: vars (23524), cons (32820)
  Number of scenarios: 100
